Start testing: Oct 15 22:27 Romance Summer Time
----------------------------------------------------------
3/4 Testing: PerftTest
3/4 Test: PerftTest
Command: "C:/Users/madss/OneDrive - Aarhus universitet/Dokumenter/Synced VSC folder/projects/skakspil/build/tests/test_perft.exe"
Directory: C:/Users/madss/OneDrive - Aarhus universitet/Dokumenter/Synced VSC folder/projects/skakspil/build/tests
"PerftTest" start time: Oct 15 22:27 Romance Summer Time
Output:
----------------------------------------------------------
Enter FEN string: Enter perft depth: 
8 | r . . . k . . r 
7 | p . p p q p b . 
6 | b n . . p n p . 
5 | . . . P N . . . 
4 | . p . . P . . . 
3 | . . N . . Q . p 
2 | P P P B B P P P 
1 | R . . . K . . R 
    ---------------
    a b c d e f g h

FEN: r3k2r/p1ppqpb1/bn2pnp1/3PN3/1p2P3/2N2Q1p/PPPBBPPP/R3K2R w KQkq - 
a1b1: 44
a1c1: 44
a1d1: 44
e1c1: 44
e1d1: 44
e1f1: 44
e1g1: 44
h1f1: 44
h1g1: 44
a2a3: 45
en passant! Removing pawn at(3, 0)
en passant! Removing pawn at(3, 0)
en passant! Removing pawn at(3, 0)
a2a4: 45
b2b3: 43
d2c1: 44
d2e3: 44
d2f4: 44
d2g5: 42
d2h6: 42
e2d1: 45
e2f1: 45
e2d3: 43
e2c4: 42
e2b5: 40
e2a6: 37
g2g3: 43
g2h3: 44
g2g4: 42
c3b1: 43
c3d1: 43
c3a4: 43
c3b5: 40
f3d3: 43
f3e3: 44
f3g3: 44
f3h3: 44
f3f4: 44
f3g4: 43
f3f5: 46
f3h5: 44
f3f6: 40
d5d6: 42
d5e6: 47
e5d3: 44
e5c4: 43
e5g4: 44
e5c6: 42
e5g6: 42
e5d7: 46
e5f7: 45
<end of output>
Test time =  10.93 sec
----------------------------------------------------------
Test Passed.
"PerftTest" end time: Oct 15 22:27 Romance Summer Time
"PerftTest" time elapsed: 00:00:10
----------------------------------------------------------

End testing: Oct 15 22:27 Romance Summer Time
