Start testing: Oct 16 20:15 Romance Summer Time
----------------------------------------------------------
4/4 Testing: FenTest
4/4 Test: FenTest
Command: "C:/Users/madss/OneDrive - Aarhus universitet/Dokumenter/Synced VSC folder/projects/skakspil/build/tests/fen_test.exe"
Directory: C:/Users/madss/OneDrive - Aarhus universitet/Dokumenter/Synced VSC folder/projects/skakspil/build/tests
"FenTest" start time: Oct 16 20:15 Romance Summer Time
Output:
----------------------------------------------------------
=== FEN Loader Test ===

8 | r n b q k b n r 
7 | p p p p p p p p 
6 | . . . . . . . . 
5 | . . . . . . . . 
4 | . . . . . . . . 
3 | . . . . . . . . 
2 | P P P P P P P P 
1 | R N B Q K B N R 
    ---------------
    a b c d e f g h
Loaded starting position:

8 | r n b q k b n r 
7 | p p p p p p p p 
6 | . . . . . . . . 
5 | . . . . . . . . 
4 | . . . . . . . . 
3 | . . . . . . . . 
2 | P P P P P P P P 
1 | R N B Q K B N R 
    ---------------
    a b c d e f g h
Perft(2) = 400

8 | r . . . k . . r 
7 | p . p p q p b . 
6 | b n . . p n p . 
5 | . . . P N . . . 
4 | . p . . P . . . 
3 | . . N . . Q . p 
2 | P P P B B P P P 
1 | R . . . K . . R 
    ---------------
    a b c d e f g h

Loaded Kiwipete test position:

8 | r . . . k . . r 
7 | p . p p q p b . 
6 | b n . . p n p . 
5 | . . . P N . . . 
4 | . p . . P . . . 
3 | . . N . . Q . p 
2 | P P P B B P P P 
1 | R . . . K . . R 
    ---------------
    a b c d e f g h
Queenside Castling executed!
Kingside Castling executed!
Queenside Castling executed!
Kingside Castling executed!
Queenside Castling executed!
Queenside Castling executed!
Kingside Castling executed!
Kingside Castling executed!
Queenside Castling executed!
Kingside Castling executed!
Queenside Castling executed!
Queenside Castling executed!
Kingside Castling executed!
Kingside Castling executed!
Queenside Castling executed!
Kingside Castling executed!
Queenside Castling executed!
Queenside Castling executed!
Kingside Castling executed!
Kingside Castling executed!
Queenside Castling executed!
Queenside Castling executed!
Queenside Castling executed!
Kingside Castling executed!
Queenside Castling executed!
Queenside Castling executed!
Kingside Castling executed!
Kingside Castling executed!
Queenside Castling executed!
Kingside Castling executed!
Queenside Castling executed!
Queenside Castling executed!
Kingside Castling executed!
Kingside Castling executed!
Queenside Castling executed!
Kingside Castling executed!
Queenside Castling executed!
Queenside Castling executed!
Kingside Castling executed!
Kingside Castling executed!
Kingside Castling executed!
Kingside Castling executed!
Queenside Castling executed!
Kingside Castling executed!
Queenside Castling executed!
Queenside Castling executed!
Kingside Castling executed!
Kingside Castling executed!
Queenside Castling executed!
Kingside Castling executed!
Queenside Castling executed!
Queenside Castling executed!
Kingside Castling executed!
Kingside Castling executed!
Queenside Castling executed!
Kingside Castling executed!
Queenside Castling executed!
Queenside Castling executed!
Kingside Castling executed!
Kingside Castling executed!
Queenside Castling executed!
Kingside Castling executed!
Queenside Castling executed!
Queenside Castling executed!
Kingside Castling executed!
Kingside Castling executed!
en passant! Removing pawn at(3, 0)
Queenside Castling executed!
Kingside Castling executed!
en passant! Removing pawn at(3, 0)
en passant! Removing pawn at(3, 0)
Queenside Castling executed!
Queenside Castling executed!
Kingside Castling executed!
Kingside Castling executed!
Queenside Castling executed!
Kingside Castling executed!
Queenside Castling executed!
Queenside Castling executed!
Kingside Castling executed!
Kingside Castling executed!
Queenside Castling executed!
Kingside Castling executed!
Queenside Castling executed!
Queenside Castling executed!
Kingside Castling executed!
Kingside Castling executed!
Queenside Castling executed!
Kingside Castling executed!
Queenside Castling executed!
Queenside Castling executed!
Kingside Castling executed!
Kingside Castling executed!
Queenside Castling executed!
Kingside Castling executed!
Queenside Castling executed!
Queenside Castling executed!
Kingside Castling executed!
Kingside Castling executed!
Queenside Castling executed!
Kingside Castling executed!
Queenside Castling executed!
Queenside Castling executed!
Kingside Castling executed!
Kingside Castling executed!
Queenside Castling executed!
Kingside Castling executed!
Queenside Castling executed!
Queenside Castling executed!
Kingside Castling executed!
Kingside Castling executed!
Queenside Castling executed!
Kingside Castling executed!
Queenside Castling executed!
Queenside Castling executed!
Kingside Castling executed!
Kingside Castling executed!
Queenside Castling executed!
Kingside Castling executed!
Queenside Castling executed!
Queenside Castling executed!
Kingside Castling executed!
Kingside Castling executed!
Queenside Castling executed!
Kingside Castling executed!
Queenside Castling executed!
Queenside Castling executed!
Kingside Castling executed!
Kingside Castling executed!
Queenside Castling executed!
Kingside Castling executed!
Queenside Castling executed!
Queenside Castling executed!
Kingside Castling executed!
Kingside Castling executed!
Queenside Castling executed!
Kingside Castling executed!
Queenside Castling executed!
Queenside Castling executed!
Kingside Castling executed!
Kingside Castling executed!
Kingside Castling executed!
Kingside Castling executed!
Kingside Castling executed!
Queenside Castling executed!
Kingside Castling executed!
Queenside Castling executed!
Queenside Castling executed!
Kingside Castling executed!
Kingside Castling executed!
Queenside Castling executed!
Kingside Castling executed!
Queenside Castling executed!
Queenside Castling executed!
Kingside Castling executed!
Kingside Castling executed!
Queenside Castling executed!
Kingside Castling executed!
Queenside Castling executed!
Queenside Castling executed!
Kingside Castling executed!
Kingside Castling executed!
Queenside Castling executed!
Kingside Castling executed!
Queenside Castling executed!
Queenside Castling executed!
Kingside Castling executed!
Kingside Castling executed!
Queenside Castling executed!
Kingside Castling executed!
Queenside Castling executed!
Queenside Castling executed!
Kingside Castling executed!
Kingside Castling executed!
Queenside Castling executed!
Kingside Castling executed!
Queenside Castling executed!
Queenside Castling executed!
Kingside Castling executed!
Kingside Castling executed!
Queenside Castling executed!
Kingside Castling executed!
Queenside Castling executed!
Queenside Castling executed!
Kingside Castling executed!
Kingside Castling executed!
Queenside Castling executed!
Kingside Castling executed!
Queenside Castling executed!
Queenside Castling executed!
Kingside Castling executed!
Kingside Castling executed!
Queenside Castling executed!
Kingside Castling executed!
Queenside Castling executed!
Queenside Castling executed!
Kingside Castling executed!
Kingside Castling executed!
Queenside Castling executed!
Kingside Castling executed!
Queenside Castling executed!
Queenside Castling executed!
Kingside Castling executed!
Kingside Castling executed!
Queenside Castling executed!
Kingside Castling executed!
Queenside Castling executed!
Queenside Castling executed!
Kingside Castling executed!
Kingside Castling executed!
Queenside Castling executed!
Kingside Castling executed!
Queenside Castling executed!
Queenside Castling executed!
Kingside Castling executed!
Kingside Castling executed!
Queenside Castling executed!
Kingside Castling executed!
Queenside Castling executed!
Queenside Castling executed!
Kingside Castling executed!
Kingside Castling executed!
Queenside Castling executed!
Kingside Castling executed!
Queenside Castling executed!
Queenside Castling executed!
Kingside Castling executed!
Kingside Castling executed!
Queenside Castling executed!
Kingside Castling executed!
Queenside Castling executed!
Queenside Castling executed!
Kingside Castling executed!
Kingside Castling executed!
Queenside Castling executed!
Kingside Castling executed!
Queenside Castling executed!
Queenside Castling executed!
Kingside Castling executed!
Kingside Castling executed!
Queenside Castling executed!
Kingside Castling executed!
Queenside Castling executed!
Queenside Castling executed!
Kingside Castling executed!
Kingside Castling executed!
Queenside Castling executed!
Kingside Castling executed!
Queenside Castling executed!
Queenside Castling executed!
Kingside Castling executed!
Kingside Castling executed!
Queenside Castling executed!
Kingside Castling executed!
Queenside Castling executed!
Queenside Castling executed!
Kingside Castling executed!
Kingside Castling executed!
Queenside Castling executed!
Kingside Castling executed!
Queenside Castling executed!
Queenside Castling executed!
Kingside Castling executed!
Kingside Castling executed!
Queenside Castling executed!
Kingside Castling executed!
Queenside Castling executed!
Queenside Castling executed!
Kingside Castling executed!
Kingside Castling executed!
Kingside Castling executed!
Kingside Castling executed!
Kingside Castling executed!
Queenside Castling executed!
Queenside Castling executed!
Queenside Castling executed!
Queenside Castling executed!
Queenside Castling executed!
Queenside Castling executed!
Kingside Castling executed!
Kingside Castling executed!
Kingside Castling executed!
Perft(2) = 2082

=== FEN Loader Test Completed ===
<end of output>
Test time =   0.24 sec
----------------------------------------------------------
Test Passed.
"FenTest" end time: Oct 16 20:15 Romance Summer Time
"FenTest" time elapsed: 00:00:00
----------------------------------------------------------

End testing: Oct 16 20:15 Romance Summer Time
